05-04 23:55:07.715 [Thread-0] ERROR org.lee.util.MessageUtil
输入出现错误，

java.util.NoSuchElementException: No line found
	at java.util.Scanner.nextLine(Scanner.java:1651) ~[?:?]
	at org.lee.util.ScannerUtil.getLine(ScannerUtil.java:11) ~[main/:?]
	at org.lee.util.SendMessageUtil.lambda$startInputListening$0(SendMessageUtil.java:24) ~[main/:?]
	at java.lang.Thread.run(Thread.java:833) [?:?]
05-04 23:55:10.329 [Thread-0] ERROR org.lee.util.MessageUtil
输入出现错误，

java.util.NoSuchElementException: No line found
	at java.util.Scanner.nextLine(Scanner.java:1651) ~[?:?]
	at org.lee.util.ScannerUtil.getLine(ScannerUtil.java:11) ~[main/:?]
	at org.lee.util.SendMessageUtil.lambda$startInputListening$0(SendMessageUtil.java:24) ~[main/:?]
	at java.lang.Thread.run(Thread.java:833) [?:?]
05-04 23:55:38.670 [Thread-0] ERROR org.lee.util.MessageUtil
输入出现错误，

java.util.NoSuchElementException: No line found
	at java.util.Scanner.nextLine(Scanner.java:1651) ~[?:?]
	at org.lee.util.ScannerUtil.getLine(ScannerUtil.java:11) ~[main/:?]
	at org.lee.util.SendMessageUtil.lambda$startInputListening$0(SendMessageUtil.java:24) ~[main/:?]
	at java.lang.Thread.run(Thread.java:833) [?:?]
05-05 00:02:15.024 [Thread-0] ERROR org.lee.util.MessageUtil
输入出现错误，

java.util.NoSuchElementException: No line found
	at java.util.Scanner.nextLine(Scanner.java:1651) ~[?:?]
	at org.lee.util.ScannerUtil.getLine(ScannerUtil.java:11) ~[main/:?]
	at org.lee.util.SendMessageUtil.lambda$startInputListening$0(SendMessageUtil.java:24) ~[main/:?]
	at java.lang.Thread.run(Thread.java:833) [?:?]
05-05 00:02:18.390 [Thread-0] ERROR org.lee.util.MessageUtil
输入出现错误，

java.util.NoSuchElementException: No line found
	at java.util.Scanner.nextLine(Scanner.java:1651) ~[?:?]
	at org.lee.util.ScannerUtil.getLine(ScannerUtil.java:11) ~[main/:?]
	at org.lee.util.SendMessageUtil.lambda$startInputListening$0(SendMessageUtil.java:24) ~[main/:?]
	at java.lang.Thread.run(Thread.java:833) [?:?]
05-05 00:08:11.663 [Thread-0] ERROR org.lee.util.MessageUtil
输入出现错误，

java.util.NoSuchElementException: No line found
	at java.util.Scanner.nextLine(Scanner.java:1651) ~[?:?]
	at org.lee.util.ScannerUtil.getLine(ScannerUtil.java:11) ~[main/:?]
	at org.lee.util.SendMessageUtil.lambda$startInputListening$0(SendMessageUtil.java:24) ~[main/:?]
	at java.lang.Thread.run(Thread.java:833) [?:?]
05-05 00:08:11.830 [Thread-0] ERROR org.lee.util.MessageUtil
输入出现错误，

java.util.NoSuchElementException: No line found
	at java.util.Scanner.nextLine(Scanner.java:1651) ~[?:?]
	at org.lee.util.ScannerUtil.getLine(ScannerUtil.java:11) ~[main/:?]
	at org.lee.util.SendMessageUtil.lambda$startInputListening$0(SendMessageUtil.java:24) ~[main/:?]
	at java.lang.Thread.run(Thread.java:833) [?:?]
05-05 00:25:02.984 [Thread-0] ERROR org.lee.util.MessageUtil
输入出现错误，

java.util.NoSuchElementException: No line found
	at java.util.Scanner.nextLine(Scanner.java:1651) ~[?:?]
	at org.lee.util.ScannerUtil.getLine(ScannerUtil.java:11) ~[main/:?]
	at org.lee.util.SendMessageUtil.lambda$startInputListening$0(SendMessageUtil.java:24) ~[main/:?]
	at java.lang.Thread.run(Thread.java:833) [?:?]
05-05 00:25:04.566 [Thread-0] ERROR org.lee.util.MessageUtil
输入出现错误，

java.util.NoSuchElementException: No line found
	at java.util.Scanner.nextLine(Scanner.java:1651) ~[?:?]
	at org.lee.util.ScannerUtil.getLine(ScannerUtil.java:11) ~[main/:?]
	at org.lee.util.SendMessageUtil.lambda$startInputListening$0(SendMessageUtil.java:24) ~[main/:?]
	at java.lang.Thread.run(Thread.java:833) [?:?]
05-05 00:30:50.833 [Thread-0] ERROR org.lee.util.MessageUtil
输入出现错误，

java.util.NoSuchElementException: No line found
	at java.util.Scanner.nextLine(Scanner.java:1651) ~[?:?]
	at org.lee.util.ScannerUtil.getLine(ScannerUtil.java:11) ~[main/:?]
	at org.lee.util.SendMessageUtil.lambda$startInputListening$0(SendMessageUtil.java:24) ~[main/:?]
	at java.lang.Thread.run(Thread.java:833) [?:?]
05-05 00:30:53.527 [Thread-0] ERROR org.lee.util.MessageUtil
输入出现错误，

java.util.NoSuchElementException: No line found
	at java.util.Scanner.nextLine(Scanner.java:1651) ~[?:?]
	at org.lee.util.ScannerUtil.getLine(ScannerUtil.java:11) ~[main/:?]
	at org.lee.util.SendMessageUtil.lambda$startInputListening$0(SendMessageUtil.java:24) ~[main/:?]
	at java.lang.Thread.run(Thread.java:833) [?:?]
